2020-09-04 09:22:41.247  WARN 20344 --- [HikariPool-1 housekeeper] com.zaxxer.hikari.pool.HikariPool        : HikariPool-1 - Thread starvation or clock leap detected (housekeeper delta=13h29m50s957ms814µs599ns).
2020-09-04 10:55:16.589  INFO 20344 --- [RMI TCP Connection(1110)-127.0.0.1] inMXBeanRegistrar$SpringApplicationAdmin : Application shutdown requested.
2020-09-04 10:55:16.944  INFO 20344 --- [RMI TCP Connection(1110)-127.0.0.1] o.s.s.concurrent.ThreadPoolTaskExecutor  : Shutting down ExecutorService 'applicationTaskExecutor'
2020-09-04 10:55:16.962  INFO 20344 --- [RMI TCP Connection(1110)-127.0.0.1] j.LocalContainerEntityManagerFactoryBean : Closing JPA EntityManagerFactory for persistence unit 'default'
2020-09-04 10:55:17.195  INFO 20344 --- [RMI TCP Connection(1110)-127.0.0.1] com.zaxxer.hikari.HikariDataSource       : HikariPool-1 - Shutdown initiated...
2020-09-04 10:55:17.248  INFO 20344 --- [RMI TCP Connection(1110)-127.0.0.1] com.zaxxer.hikari.HikariDataSource       : HikariPool-1 - Shutdown completed.
2020-09-04 10:55:18.355  INFO 20344 --- [RMI TCP Connection(1110)-127.0.0.1] o.apache.catalina.core.StandardService   : Stopping service [Tomcat]
2020-09-04 10:55:18.382  INFO 20344 --- [RMI TCP Connection(1110)-127.0.0.1] o.a.c.c.C.[Tomcat].[localhost].[/]       : Destroying Spring FrameworkServlet 'dispatcherServlet'
2020-09-04 10:56:11.417  INFO 9604 --- [main] c.m.s.t.TeacherServiceApplicationTests   : No active profile set, falling back to default profiles: default
2020-09-04 10:56:15.525  INFO 9604 --- [main] .s.d.r.c.RepositoryConfigurationDelegate : Bootstrapping Spring Data JPA repositories in DEFAULT mode.
2020-09-04 10:56:15.935  INFO 9604 --- [main] .s.d.r.c.RepositoryConfigurationDelegate : Finished Spring Data repository scanning in 335ms. Found 1 JPA repository interfaces.
2020-09-04 10:56:17.377  INFO 9604 --- [main] o.s.cloud.context.scope.GenericScope     : BeanFactory id=9694f2ea-bf6e-3ed6-9c0c-6657e3aefa9f
2020-09-04 10:56:19.589  INFO 9604 --- [main] com.zaxxer.hikari.HikariDataSource       : HikariPool-1 - Starting...
2020-09-04 10:56:20.308  INFO 9604 --- [main] com.zaxxer.hikari.HikariDataSource       : HikariPool-1 - Start completed.
2020-09-04 10:56:20.674  INFO 9604 --- [main] o.hibernate.jpa.internal.util.LogHelper  : HHH000204: Processing PersistenceUnitInfo [
	name: default
	...]
2020-09-04 10:56:21.150  INFO 9604 --- [main] org.hibernate.Version                    : HHH000412: Hibernate Core {5.3.17.Final}
2020-09-04 10:56:21.153  INFO 9604 --- [main] org.hibernate.cfg.Environment            : HHH000206: hibernate.properties not found
2020-09-04 10:56:22.332  INFO 9604 --- [main] o.hibernate.annotations.common.Version   : HCANN000001: Hibernate Commons Annotations {5.0.4.Final}
2020-09-04 10:56:24.095  INFO 9604 --- [main] org.hibernate.dialect.Dialect            : HHH000400: Using dialect: org.hibernate.dialect.PostgreSQL95Dialect
2020-09-04 10:56:24.444  INFO 9604 --- [main] o.h.e.j.e.i.LobCreatorBuilderImpl        : HHH000421: Disabling contextual LOB creation as hibernate.jdbc.lob.non_contextual_creation is true
2020-09-04 10:56:24.459  INFO 9604 --- [main] org.hibernate.type.BasicTypeRegistry     : HHH000270: Type registration [java.util.UUID] overrides previous : org.hibernate.type.UUIDBinaryType@38588dea
2020-09-04 10:56:27.276  INFO 9604 --- [main] j.LocalContainerEntityManagerFactoryBean : Initialized JPA EntityManagerFactory for persistence unit 'default'
2020-09-04 10:56:34.113  INFO 9604 --- [main] o.s.s.concurrent.ThreadPoolTaskExecutor  : Initializing ExecutorService 'applicationTaskExecutor'
2020-09-04 10:56:34.555  WARN 9604 --- [main] aWebConfiguration$JpaWebMvcConfiguration : spring.jpa.open-in-view is enabled by default. Therefore, database queries may be performed during view rendering. Explicitly configure spring.jpa.open-in-view to disable this warning
2020-09-04 10:56:45.613  INFO 9604 --- [main] o.s.cloud.commons.util.InetUtils         : Cannot determine local hostname
2020-09-04 10:56:45.891  INFO 9604 --- [main] o.s.b.a.e.web.EndpointLinksResolver      : Exposing 2 endpoint(s) beneath base path '/actuator'
2020-09-04 10:56:46.256  INFO 9604 --- [main] c.m.s.t.TeacherServiceApplicationTests   : Started TeacherServiceApplicationTests in 52.125 seconds (JVM running for 56.654)
2020-09-04 10:56:47.220  INFO 9604 --- [Thread-7] o.s.s.concurrent.ThreadPoolTaskExecutor  : Shutting down ExecutorService 'applicationTaskExecutor'
2020-09-04 10:56:47.230  INFO 9604 --- [Thread-7] j.LocalContainerEntityManagerFactoryBean : Closing JPA EntityManagerFactory for persistence unit 'default'
2020-09-04 10:56:47.237  INFO 9604 --- [Thread-7] com.zaxxer.hikari.HikariDataSource       : HikariPool-1 - Shutdown initiated...
2020-09-04 10:56:47.361  INFO 9604 --- [Thread-7] com.zaxxer.hikari.HikariDataSource       : HikariPool-1 - Shutdown completed.
2020-09-04 10:58:52.242  INFO 14800 --- [main] c.m.s.teacher.TeacherServiceApplication  : No active profile set, falling back to default profiles: default
2020-09-04 10:58:55.643  INFO 14800 --- [main] .s.d.r.c.RepositoryConfigurationDelegate : Bootstrapping Spring Data JPA repositories in DEFAULT mode.
2020-09-04 10:58:55.833  INFO 14800 --- [main] .s.d.r.c.RepositoryConfigurationDelegate : Finished Spring Data repository scanning in 165ms. Found 1 JPA repository interfaces.
2020-09-04 10:58:56.529  INFO 14800 --- [main] o.s.cloud.context.scope.GenericScope     : BeanFactory id=21bb3e6a-6072-3b42-aa3a-19d332f12697
2020-09-04 10:58:57.343  INFO 14800 --- [main] o.s.b.w.embedded.tomcat.TomcatWebServer  : Tomcat initialized with port(s): 9200 (http)
2020-09-04 10:58:57.391  INFO 14800 --- [main] o.apache.catalina.core.StandardService   : Starting service [Tomcat]
2020-09-04 10:58:57.392  INFO 14800 --- [main] org.apache.catalina.core.StandardEngine  : Starting Servlet engine: [Apache Tomcat/9.0.37]
2020-09-04 10:58:57.673  INFO 14800 --- [main] o.a.c.c.C.[Tomcat].[localhost].[/]       : Initializing Spring embedded WebApplicationContext
2020-09-04 10:58:57.674  INFO 14800 --- [main] o.s.web.context.ContextLoader            : Root WebApplicationContext: initialization completed in 5255 ms
2020-09-04 10:58:58.810  INFO 14800 --- [main] com.zaxxer.hikari.HikariDataSource       : HikariPool-1 - Starting...
2020-09-04 10:58:59.041  INFO 14800 --- [main] com.zaxxer.hikari.HikariDataSource       : HikariPool-1 - Start completed.
2020-09-04 10:58:59.147  INFO 14800 --- [main] o.hibernate.jpa.internal.util.LogHelper  : HHH000204: Processing PersistenceUnitInfo [
	name: default
	...]
2020-09-04 10:58:59.390  INFO 14800 --- [main] org.hibernate.Version                    : HHH000412: Hibernate Core {5.3.17.Final}
2020-09-04 10:58:59.393  INFO 14800 --- [main] org.hibernate.cfg.Environment            : HHH000206: hibernate.properties not found
2020-09-04 10:58:59.801  INFO 14800 --- [main] o.hibernate.annotations.common.Version   : HCANN000001: Hibernate Commons Annotations {5.0.4.Final}
2020-09-04 10:59:00.169  INFO 14800 --- [main] org.hibernate.dialect.Dialect            : HHH000400: Using dialect: org.hibernate.dialect.PostgreSQL95Dialect
2020-09-04 10:59:00.305  INFO 14800 --- [main] o.h.e.j.e.i.LobCreatorBuilderImpl        : HHH000421: Disabling contextual LOB creation as hibernate.jdbc.lob.non_contextual_creation is true
2020-09-04 10:59:00.317  INFO 14800 --- [main] org.hibernate.type.BasicTypeRegistry     : HHH000270: Type registration [java.util.UUID] overrides previous : org.hibernate.type.UUIDBinaryType@49c099b
2020-09-04 10:59:01.636  INFO 14800 --- [main] j.LocalContainerEntityManagerFactoryBean : Initialized JPA EntityManagerFactory for persistence unit 'default'
2020-09-04 10:59:02.557  INFO 14800 --- [main] o.s.s.concurrent.ThreadPoolTaskExecutor  : Initializing ExecutorService 'applicationTaskExecutor'
2020-09-04 10:59:02.625  WARN 14800 --- [main] aWebConfiguration$JpaWebMvcConfiguration : spring.jpa.open-in-view is enabled by default. Therefore, database queries may be performed during view rendering. Explicitly configure spring.jpa.open-in-view to disable this warning
2020-09-04 10:59:05.770  INFO 14800 --- [main] o.s.cloud.commons.util.InetUtils         : Cannot determine local hostname
2020-09-04 10:59:05.840  INFO 14800 --- [main] o.s.b.a.e.web.EndpointLinksResolver      : Exposing 2 endpoint(s) beneath base path '/actuator'
2020-09-04 10:59:06.201  INFO 14800 --- [main] o.s.b.w.embedded.tomcat.TomcatWebServer  : Tomcat started on port(s): 9200 (http) with context path ''
2020-09-04 10:59:08.527  INFO 14800 --- [main] o.s.cloud.commons.util.InetUtils         : Cannot determine local hostname
2020-09-04 10:59:08.539  INFO 14800 --- [main] c.m.s.teacher.TeacherServiceApplication  : Started TeacherServiceApplication in 38.243 seconds (JVM running for 40.333)
2020-09-04 11:21:19.116  INFO 14800 --- [RMI TCP Connection(61)-127.0.0.1] inMXBeanRegistrar$SpringApplicationAdmin : Application shutdown requested.
2020-09-04 11:21:19.158  INFO 14800 --- [RMI TCP Connection(61)-127.0.0.1] o.s.s.concurrent.ThreadPoolTaskExecutor  : Shutting down ExecutorService 'applicationTaskExecutor'
2020-09-04 11:21:19.164  INFO 14800 --- [RMI TCP Connection(61)-127.0.0.1] j.LocalContainerEntityManagerFactoryBean : Closing JPA EntityManagerFactory for persistence unit 'default'
2020-09-04 11:21:19.195  INFO 14800 --- [RMI TCP Connection(61)-127.0.0.1] com.zaxxer.hikari.HikariDataSource       : HikariPool-1 - Shutdown initiated...
2020-09-04 11:21:19.238  INFO 14800 --- [RMI TCP Connection(61)-127.0.0.1] com.zaxxer.hikari.HikariDataSource       : HikariPool-1 - Shutdown completed.
2020-09-04 11:21:19.945  INFO 14800 --- [RMI TCP Connection(61)-127.0.0.1] o.apache.catalina.core.StandardService   : Stopping service [Tomcat]
2020-09-04 11:26:26.413  INFO 23708 --- [main] c.m.s.t.TeacherServiceApplicationTests   : No active profile set, falling back to default profiles: default
2020-09-04 11:26:29.648  INFO 23708 --- [main] .s.d.r.c.RepositoryConfigurationDelegate : Bootstrapping Spring Data JPA repositories in DEFAULT mode.
2020-09-04 11:26:29.936  INFO 23708 --- [main] .s.d.r.c.RepositoryConfigurationDelegate : Finished Spring Data repository scanning in 265ms. Found 1 JPA repository interfaces.
2020-09-04 11:26:30.540  WARN 23708 --- [main] o.s.boot.actuate.endpoint.EndpointId     : Endpoint ID 'service-registry' contains invalid characters, please migrate to a valid format.
2020-09-04 11:26:31.932  INFO 23708 --- [main] o.s.cloud.context.scope.GenericScope     : BeanFactory id=9cbf6d83-66c8-3aaf-9888-177383e65e10
2020-09-04 11:26:34.325  INFO 23708 --- [main] com.zaxxer.hikari.HikariDataSource       : HikariPool-1 - Starting...
2020-09-04 11:26:34.682  INFO 23708 --- [main] com.zaxxer.hikari.HikariDataSource       : HikariPool-1 - Start completed.
2020-09-04 11:26:35.172  INFO 23708 --- [main] o.hibernate.jpa.internal.util.LogHelper  : HHH000204: Processing PersistenceUnitInfo [
	name: default
	...]
2020-09-04 11:26:35.580  INFO 23708 --- [main] org.hibernate.Version                    : HHH000412: Hibernate Core {5.3.17.Final}
2020-09-04 11:26:35.584  INFO 23708 --- [main] org.hibernate.cfg.Environment            : HHH000206: hibernate.properties not found
2020-09-04 11:26:36.357  INFO 23708 --- [main] o.hibernate.annotations.common.Version   : HCANN000001: Hibernate Commons Annotations {5.0.4.Final}
2020-09-04 11:26:36.967  INFO 23708 --- [main] org.hibernate.dialect.Dialect            : HHH000400: Using dialect: org.hibernate.dialect.PostgreSQL95Dialect
2020-09-04 11:26:37.164  INFO 23708 --- [main] o.h.e.j.e.i.LobCreatorBuilderImpl        : HHH000421: Disabling contextual LOB creation as hibernate.jdbc.lob.non_contextual_creation is true
2020-09-04 11:26:37.180  INFO 23708 --- [main] org.hibernate.type.BasicTypeRegistry     : HHH000270: Type registration [java.util.UUID] overrides previous : org.hibernate.type.UUIDBinaryType@686cf8ad
2020-09-04 11:26:39.546  INFO 23708 --- [main] j.LocalContainerEntityManagerFactoryBean : Initialized JPA EntityManagerFactory for persistence unit 'default'
2020-09-04 11:26:42.231  WARN 23708 --- [main] c.n.c.sources.URLConfigurationSource     : No URLs will be polled as dynamic configuration sources.
2020-09-04 11:26:42.232  INFO 23708 --- [main] c.n.c.sources.URLConfigurationSource     : To enable URLs as dynamic configuration sources, define System property archaius.configurationSource.additionalUrls or make config.properties available on classpath.
2020-09-04 11:26:42.269  WARN 23708 --- [main] c.n.c.sources.URLConfigurationSource     : No URLs will be polled as dynamic configuration sources.
2020-09-04 11:26:42.270  INFO 23708 --- [main] c.n.c.sources.URLConfigurationSource     : To enable URLs as dynamic configuration sources, define System property archaius.configurationSource.additionalUrls or make config.properties available on classpath.
2020-09-04 11:26:45.795  INFO 23708 --- [main] o.s.s.concurrent.ThreadPoolTaskExecutor  : Initializing ExecutorService 'applicationTaskExecutor'
2020-09-04 11:26:46.234  WARN 23708 --- [main] aWebConfiguration$JpaWebMvcConfiguration : spring.jpa.open-in-view is enabled by default. Therefore, database queries may be performed during view rendering. Explicitly configure spring.jpa.open-in-view to disable this warning
2020-09-04 11:26:51.161  INFO 23708 --- [main] o.s.cloud.commons.util.InetUtils         : Cannot determine local hostname
2020-09-04 11:26:57.815  INFO 23708 --- [main] o.s.cloud.commons.util.InetUtils         : Cannot determine local hostname
2020-09-04 11:26:58.546  INFO 23708 --- [main] o.s.b.a.e.web.EndpointLinksResolver      : Exposing 2 endpoint(s) beneath base path '/actuator'
2020-09-04 11:26:58.908  INFO 23708 --- [main] o.s.c.n.eureka.InstanceInfoFactory       : Setting initial instance status as: STARTING
2020-09-04 11:26:59.096  INFO 23708 --- [main] com.netflix.discovery.DiscoveryClient    : Initializing Eureka in region us-east-1
2020-09-04 11:26:59.652  INFO 23708 --- [main] c.n.d.provider.DiscoveryJerseyProvider   : Using JSON encoding codec LegacyJacksonJson
2020-09-04 11:26:59.653  INFO 23708 --- [main] c.n.d.provider.DiscoveryJerseyProvider   : Using JSON decoding codec LegacyJacksonJson
2020-09-04 11:27:00.216  INFO 23708 --- [main] c.n.d.provider.DiscoveryJerseyProvider   : Using XML encoding codec XStreamXml
2020-09-04 11:27:00.217  INFO 23708 --- [main] c.n.d.provider.DiscoveryJerseyProvider   : Using XML decoding codec XStreamXml
2020-09-04 11:27:01.265  INFO 23708 --- [main] c.n.d.s.r.aws.ConfigClusterResolver      : Resolving eureka endpoints via configuration
2020-09-04 11:27:02.438  INFO 23708 --- [main] com.netflix.discovery.DiscoveryClient    : Disable delta property : false
2020-09-04 11:27:02.440  INFO 23708 --- [main] com.netflix.discovery.DiscoveryClient    : Single vip registry refresh property : null
2020-09-04 11:27:02.441  INFO 23708 --- [main] com.netflix.discovery.DiscoveryClient    : Force full registry fetch : false
2020-09-04 11:27:02.448  INFO 23708 --- [main] com.netflix.discovery.DiscoveryClient    : Application is null : false
2020-09-04 11:27:02.450  INFO 23708 --- [main] com.netflix.discovery.DiscoveryClient    : Registered Applications size is zero : true
2020-09-04 11:27:02.451  INFO 23708 --- [main] com.netflix.discovery.DiscoveryClient    : Application version is -1: true
2020-09-04 11:27:02.453  INFO 23708 --- [main] com.netflix.discovery.DiscoveryClient    : Getting all instance registry info from the eureka server
2020-09-04 11:27:02.886  INFO 23708 --- [main] com.netflix.discovery.DiscoveryClient    : The response status is 200
2020-09-04 11:27:02.890  INFO 23708 --- [main] com.netflix.discovery.DiscoveryClient    : Starting heartbeat executor: renew interval is: 30
2020-09-04 11:27:02.896  INFO 23708 --- [main] c.n.discovery.InstanceInfoReplicator     : InstanceInfoReplicator onDemand update allowed rate per min is 4
2020-09-04 11:27:02.923  INFO 23708 --- [main] com.netflix.discovery.DiscoveryClient    : Discovery Client initialized at timestamp 1599199022920 with initial instances count: 0
2020-09-04 11:27:02.934  INFO 23708 --- [main] o.s.c.n.e.s.EurekaServiceRegistry        : Registering application TEACHERSERVICE with eureka with status UP
2020-09-04 11:27:02.937  INFO 23708 --- [main] com.netflix.discovery.DiscoveryClient    : Saw local status change event StatusChangeEvent [timestamp=1599199022936, current=UP, previous=STARTING]
2020-09-04 11:27:02.954  INFO 23708 --- [DiscoveryClient-InstanceInfoReplicator-0] com.netflix.discovery.DiscoveryClient    : DiscoveryClient_TEACHERSERVICE/localhost:TeacherService:9200: registering service...
2020-09-04 11:27:03.014  INFO 23708 --- [main] c.m.s.t.TeacherServiceApplicationTests   : Started TeacherServiceApplicationTests in 54.932 seconds (JVM running for 58.84)
2020-09-04 11:27:03.165  INFO 23708 --- [DiscoveryClient-InstanceInfoReplicator-0] com.netflix.discovery.DiscoveryClient    : DiscoveryClient_TEACHERSERVICE/localhost:TeacherService:9200 - registration status: 204
2020-09-04 11:27:03.455  INFO 23708 --- [Thread-7] o.s.c.n.e.s.EurekaServiceRegistry        : Unregistering application TEACHERSERVICE with eureka with status DOWN
2020-09-04 11:27:03.456  WARN 23708 --- [Thread-7] com.netflix.discovery.DiscoveryClient    : Saw local status change event StatusChangeEvent [timestamp=1599199023456, current=DOWN, previous=UP]
2020-09-04 11:27:03.457  INFO 23708 --- [DiscoveryClient-InstanceInfoReplicator-0] com.netflix.discovery.DiscoveryClient    : DiscoveryClient_TEACHERSERVICE/localhost:TeacherService:9200: registering service...
2020-09-04 11:27:03.473  INFO 23708 --- [Thread-7] o.s.s.concurrent.ThreadPoolTaskExecutor  : Shutting down ExecutorService 'applicationTaskExecutor'
2020-09-04 11:27:03.484  INFO 23708 --- [DiscoveryClient-InstanceInfoReplicator-0] com.netflix.discovery.DiscoveryClient    : DiscoveryClient_TEACHERSERVICE/localhost:TeacherService:9200 - registration status: 204
2020-09-04 11:27:03.491  INFO 23708 --- [Thread-7] j.LocalContainerEntityManagerFactoryBean : Closing JPA EntityManagerFactory for persistence unit 'default'
2020-09-04 11:27:03.497  INFO 23708 --- [Thread-7] com.netflix.discovery.DiscoveryClient    : Shutting down DiscoveryClient ...
2020-09-04 11:27:06.499  INFO 23708 --- [Thread-7] com.netflix.discovery.DiscoveryClient    : Unregistering ...
2020-09-04 11:27:06.517  INFO 23708 --- [Thread-7] com.netflix.discovery.DiscoveryClient    : DiscoveryClient_TEACHERSERVICE/localhost:TeacherService:9200 - deregister  status: 200
2020-09-04 11:27:06.539  INFO 23708 --- [Thread-7] com.netflix.discovery.DiscoveryClient    : Completed shut down of DiscoveryClient
2020-09-04 11:27:06.540  INFO 23708 --- [Thread-7] com.zaxxer.hikari.HikariDataSource       : HikariPool-1 - Shutdown initiated...
2020-09-04 11:27:06.580  INFO 23708 --- [Thread-7] com.zaxxer.hikari.HikariDataSource       : HikariPool-1 - Shutdown completed.
2020-09-04 11:29:55.120  INFO 9948 --- [main] c.m.s.teacher.TeacherServiceApplication  : No active profile set, falling back to default profiles: default
2020-09-04 11:29:59.389  INFO 9948 --- [main] .s.d.r.c.RepositoryConfigurationDelegate : Bootstrapping Spring Data JPA repositories in DEFAULT mode.
2020-09-04 11:29:59.596  INFO 9948 --- [main] .s.d.r.c.RepositoryConfigurationDelegate : Finished Spring Data repository scanning in 186ms. Found 1 JPA repository interfaces.
2020-09-04 11:30:00.118  WARN 9948 --- [main] o.s.boot.actuate.endpoint.EndpointId     : Endpoint ID 'service-registry' contains invalid characters, please migrate to a valid format.
2020-09-04 11:30:00.846  INFO 9948 --- [main] o.s.cloud.context.scope.GenericScope     : BeanFactory id=3d61f0c1-0527-3a6b-91c1-8219de0e809c
2020-09-04 11:30:02.548  INFO 9948 --- [main] o.s.b.w.embedded.tomcat.TomcatWebServer  : Tomcat initialized with port(s): 9200 (http)
2020-09-04 11:30:02.613  INFO 9948 --- [main] o.apache.catalina.core.StandardService   : Starting service [Tomcat]
2020-09-04 11:30:02.613  INFO 9948 --- [main] org.apache.catalina.core.StandardEngine  : Starting Servlet engine: [Apache Tomcat/9.0.37]
2020-09-04 11:30:03.101  INFO 9948 --- [main] o.a.c.c.C.[Tomcat].[localhost].[/]       : Initializing Spring embedded WebApplicationContext
2020-09-04 11:30:03.106  INFO 9948 --- [main] o.s.web.context.ContextLoader            : Root WebApplicationContext: initialization completed in 7866 ms
2020-09-04 11:30:03.461  WARN 9948 --- [main] c.n.c.sources.URLConfigurationSource     : No URLs will be polled as dynamic configuration sources.
2020-09-04 11:30:03.463  INFO 9948 --- [main] c.n.c.sources.URLConfigurationSource     : To enable URLs as dynamic configuration sources, define System property archaius.configurationSource.additionalUrls or make config.properties available on classpath.
2020-09-04 11:30:03.492  INFO 9948 --- [main] c.netflix.config.DynamicPropertyFactory  : DynamicPropertyFactory is initialized with configuration sources: com.netflix.config.ConcurrentCompositeConfiguration@692dba54
2020-09-04 11:30:07.049  INFO 9948 --- [main] o.s.cloud.commons.util.InetUtils         : Cannot determine local hostname
2020-09-04 11:30:07.755  INFO 9948 --- [main] com.zaxxer.hikari.HikariDataSource       : HikariPool-1 - Starting...
2020-09-04 11:30:08.087  INFO 9948 --- [main] com.zaxxer.hikari.HikariDataSource       : HikariPool-1 - Start completed.
2020-09-04 11:30:08.263  INFO 9948 --- [main] o.hibernate.jpa.internal.util.LogHelper  : HHH000204: Processing PersistenceUnitInfo [
	name: default
	...]
2020-09-04 11:30:08.534  INFO 9948 --- [main] org.hibernate.Version                    : HHH000412: Hibernate Core {5.3.17.Final}
2020-09-04 11:30:08.542  INFO 9948 --- [main] org.hibernate.cfg.Environment            : HHH000206: hibernate.properties not found
2020-09-04 11:30:09.110  INFO 9948 --- [main] o.hibernate.annotations.common.Version   : HCANN000001: Hibernate Commons Annotations {5.0.4.Final}
2020-09-04 11:30:09.624  INFO 9948 --- [main] org.hibernate.dialect.Dialect            : HHH000400: Using dialect: org.hibernate.dialect.PostgreSQL95Dialect
2020-09-04 11:30:09.748  INFO 9948 --- [main] o.h.e.j.e.i.LobCreatorBuilderImpl        : HHH000421: Disabling contextual LOB creation as hibernate.jdbc.lob.non_contextual_creation is true
2020-09-04 11:30:09.761  INFO 9948 --- [main] org.hibernate.type.BasicTypeRegistry     : HHH000270: Type registration [java.util.UUID] overrides previous : org.hibernate.type.UUIDBinaryType@55877274
2020-09-04 11:30:11.428  INFO 9948 --- [main] j.LocalContainerEntityManagerFactoryBean : Initialized JPA EntityManagerFactory for persistence unit 'default'
2020-09-04 11:30:12.080  WARN 9948 --- [main] c.n.c.sources.URLConfigurationSource     : No URLs will be polled as dynamic configuration sources.
2020-09-04 11:30:12.080  INFO 9948 --- [main] c.n.c.sources.URLConfigurationSource     : To enable URLs as dynamic configuration sources, define System property archaius.configurationSource.additionalUrls or make config.properties available on classpath.
2020-09-04 11:30:12.526  INFO 9948 --- [main] o.s.s.concurrent.ThreadPoolTaskExecutor  : Initializing ExecutorService 'applicationTaskExecutor'
2020-09-04 11:30:12.608  WARN 9948 --- [main] aWebConfiguration$JpaWebMvcConfiguration : spring.jpa.open-in-view is enabled by default. Therefore, database queries may be performed during view rendering. Explicitly configure spring.jpa.open-in-view to disable this warning
2020-09-04 11:30:16.337  INFO 9948 --- [main] o.s.cloud.commons.util.InetUtils         : Cannot determine local hostname
2020-09-04 11:30:16.528  INFO 9948 --- [main] o.s.b.a.e.web.EndpointLinksResolver      : Exposing 2 endpoint(s) beneath base path '/actuator'
2020-09-04 11:30:16.847  INFO 9948 --- [main] o.s.c.n.eureka.InstanceInfoFactory       : Setting initial instance status as: STARTING
2020-09-04 11:30:17.008  INFO 9948 --- [main] com.netflix.discovery.DiscoveryClient    : Initializing Eureka in region us-east-1
2020-09-04 11:30:17.481  INFO 9948 --- [main] c.n.d.provider.DiscoveryJerseyProvider   : Using JSON encoding codec LegacyJacksonJson
2020-09-04 11:30:17.481  INFO 9948 --- [main] c.n.d.provider.DiscoveryJerseyProvider   : Using JSON decoding codec LegacyJacksonJson
2020-09-04 11:30:17.810  INFO 9948 --- [main] c.n.d.provider.DiscoveryJerseyProvider   : Using XML encoding codec XStreamXml
2020-09-04 11:30:17.810  INFO 9948 --- [main] c.n.d.provider.DiscoveryJerseyProvider   : Using XML decoding codec XStreamXml
2020-09-04 11:30:18.421  INFO 9948 --- [main] c.n.d.s.r.aws.ConfigClusterResolver      : Resolving eureka endpoints via configuration
2020-09-04 11:30:19.362  INFO 9948 --- [main] com.netflix.discovery.DiscoveryClient    : Disable delta property : false
2020-09-04 11:30:19.363  INFO 9948 --- [main] com.netflix.discovery.DiscoveryClient    : Single vip registry refresh property : null
2020-09-04 11:30:19.363  INFO 9948 --- [main] com.netflix.discovery.DiscoveryClient    : Force full registry fetch : false
2020-09-04 11:30:19.363  INFO 9948 --- [main] com.netflix.discovery.DiscoveryClient    : Application is null : false
2020-09-04 11:30:19.364  INFO 9948 --- [main] com.netflix.discovery.DiscoveryClient    : Registered Applications size is zero : true
2020-09-04 11:30:19.364  INFO 9948 --- [main] com.netflix.discovery.DiscoveryClient    : Application version is -1: true
2020-09-04 11:30:19.364  INFO 9948 --- [main] com.netflix.discovery.DiscoveryClient    : Getting all instance registry info from the eureka server
2020-09-04 11:30:19.694  INFO 9948 --- [main] com.netflix.discovery.DiscoveryClient    : The response status is 200
2020-09-04 11:30:19.698  INFO 9948 --- [main] com.netflix.discovery.DiscoveryClient    : Starting heartbeat executor: renew interval is: 30
2020-09-04 11:30:19.707  INFO 9948 --- [main] c.n.discovery.InstanceInfoReplicator     : InstanceInfoReplicator onDemand update allowed rate per min is 4
2020-09-04 11:30:19.716  INFO 9948 --- [main] com.netflix.discovery.DiscoveryClient    : Discovery Client initialized at timestamp 1599199219713 with initial instances count: 0
2020-09-04 11:30:19.728  INFO 9948 --- [main] o.s.c.n.e.s.EurekaServiceRegistry        : Registering application TEACHERSERVICE with eureka with status UP
2020-09-04 11:30:19.730  INFO 9948 --- [main] com.netflix.discovery.DiscoveryClient    : Saw local status change event StatusChangeEvent [timestamp=1599199219730, current=UP, previous=STARTING]
2020-09-04 11:30:19.733  INFO 9948 --- [DiscoveryClient-InstanceInfoReplicator-0] com.netflix.discovery.DiscoveryClient    : DiscoveryClient_TEACHERSERVICE/localhost:TeacherService:9200: registering service...
2020-09-04 11:30:19.832  INFO 9948 --- [DiscoveryClient-InstanceInfoReplicator-0] com.netflix.discovery.DiscoveryClient    : DiscoveryClient_TEACHERSERVICE/localhost:TeacherService:9200 - registration status: 204
2020-09-04 11:30:19.863  INFO 9948 --- [main] o.s.b.w.embedded.tomcat.TomcatWebServer  : Tomcat started on port(s): 9200 (http) with context path ''
2020-09-04 11:30:19.865  INFO 9948 --- [main] .s.c.n.e.s.EurekaAutoServiceRegistration : Updating port to 9200
2020-09-04 11:30:22.732  INFO 9948 --- [main] o.s.cloud.commons.util.InetUtils         : Cannot determine local hostname
2020-09-04 11:30:22.737  INFO 9948 --- [main] c.m.s.teacher.TeacherServiceApplication  : Started TeacherServiceApplication in 46.369 seconds (JVM running for 48.825)
2020-09-04 11:30:49.701  INFO 9948 --- [DiscoveryClient-CacheRefreshExecutor-0] com.netflix.discovery.DiscoveryClient    : Disable delta property : false
2020-09-04 11:30:49.701  INFO 9948 --- [DiscoveryClient-CacheRefreshExecutor-0] com.netflix.discovery.DiscoveryClient    : Single vip registry refresh property : null
2020-09-04 11:30:49.702  INFO 9948 --- [DiscoveryClient-CacheRefreshExecutor-0] com.netflix.discovery.DiscoveryClient    : Force full registry fetch : false
2020-09-04 11:30:49.702  INFO 9948 --- [DiscoveryClient-CacheRefreshExecutor-0] com.netflix.discovery.DiscoveryClient    : Application is null : false
2020-09-04 11:30:49.702  INFO 9948 --- [DiscoveryClient-CacheRefreshExecutor-0] com.netflix.discovery.DiscoveryClient    : Registered Applications size is zero : true
2020-09-04 11:30:49.702  INFO 9948 --- [DiscoveryClient-CacheRefreshExecutor-0] com.netflix.discovery.DiscoveryClient    : Application version is -1: false
2020-09-04 11:30:49.702  INFO 9948 --- [DiscoveryClient-CacheRefreshExecutor-0] com.netflix.discovery.DiscoveryClient    : Getting all instance registry info from the eureka server
2020-09-04 11:30:49.736  INFO 9948 --- [DiscoveryClient-CacheRefreshExecutor-0] com.netflix.discovery.DiscoveryClient    : The response status is 200
2020-09-04 11:35:19.380  INFO 9948 --- [AsyncResolver-bootstrap-executor-0] c.n.d.s.r.aws.ConfigClusterResolver      : Resolving eureka endpoints via configuration
2020-09-04 11:40:19.389  INFO 9948 --- [AsyncResolver-bootstrap-executor-0] c.n.d.s.r.aws.ConfigClusterResolver      : Resolving eureka endpoints via configuration
